#
# A fatal error has been detected by the Java Runtime Environment:
#
#  Internal Error (javaClasses.cpp:129), pid=1352, tid=3556
#  fatal error: Invalid layout of preloaded class
#
# JRE version: 7.0_25-b17
# Java VM: Java HotSpot(TM) 64-Bit Server VM (23.25-b01 mixed mode windows-amd64 compressed oops)
# Failed to write core dump. Minidumps are not enabled by default on client versions of Windows
#
# If you would like to submit a bug report, please visit:
#   http://bugreport.sun.com/bugreport/crash.jsp
#

---------------  T H R E A D  ---------------

Current thread (0x000000000212e000):  JavaThread "Unknown thread" [_thread_in_vm, id=3556, stack(0x0000000001fe0000,0x00000000020e0000)]

Stack: [0x0000000001fe0000,0x00000000020e0000]

---------------  P R O C E S S  ---------------

Java Threads: ( => current thread )

Other Threads:

=>0x000000000212e000 (exited) JavaThread "Unknown thread" [_thread_in_vm, id=3556, stack(0x0000000001fe0000,0x00000000020e0000)]

VM state:not at safepoint (not fully initialized)

VM Mutex/Monitor currently owned by a thread: None

GC Heap History (0 events):
No events

Deoptimization events (0 events):
No events

Internal exceptions (0 events):
No events

Events (10 events):
Event: 0.050 loading class 0x0000000002177aa0 done
Event: 0.051 loading class 0x0000000002177b00 done
Event: 0.051 loading class 0x0000000002177e90
Event: 0.052 loading class 0x000000000845e4a0
Event: 0.052 loading class 0x000000000845e4a0 done
Event: 0.052 loading class 0x000000000845e220
Event: 0.052 loading class 0x000000000845e220 done
Event: 0.052 loading class 0x00000000021c92d0
Event: 0.052 loading class 0x00000000021c92d0 done
Event: 0.053 loading class 0x0000000002177e90 done


Dynamic libraries:
0x000007f7dc200000 - 0x000007f7dc233000 	C:\Program Files\Java\jdk1.7.0_25\bin\javaw.exe
0x000007fa08cf0000 - 0x000007fa08eae000 	C:\Windows\SYSTEM32\ntdll.dll
0x000007fa07570000 - 0x000007fa076a6000 	C:\Windows\system32\KERNEL32.DLL
0x000007fa07010000 - 0x000007fa07103000 	C:\Windows\system32\KERNELBASE.dll
0x000007fa07820000 - 0x000007fa078fe000 	C:\Windows\system32\ADVAPI32.dll
0x000007fa087c0000 - 0x000007fa0890c000 	C:\Windows\system32\USER32.dll
0x000007fa04bf0000 - 0x000007fa04e59000 	C:\Windows\WinSxS\amd64_microsoft.windows.common-controls_6595b64144ccf1df_6.0.9200.16384_none_418c2a697189c07f\COMCTL32.dll
0x000007fa07450000 - 0x000007fa074f5000 	C:\Windows\system32\msvcrt.dll
0x000007fa07a30000 - 0x000007fa07a78000 	C:\Windows\SYSTEM32\sechost.dll
0x000007fa08580000 - 0x000007fa086c0000 	C:\Windows\system32\RPCRT4.dll
0x000007fa07c70000 - 0x000007fa07db0000 	C:\Windows\system32\GDI32.dll
0x000007fa086c0000 - 0x000007fa086f9000 	C:\Windows\system32\IMM32.DLL
0x000007fa07f60000 - 0x000007fa08074000 	C:\Windows\system32\MSCTF.dll
0x0000000073920000 - 0x00000000739f1000 	C:\Program Files\Java\jdk1.7.0_25\jre\bin\msvcr100.dll
0x0000000072aa0000 - 0x00000000731af000 	C:\Program Files\Java\jdk1.7.0_25\jre\bin\server\jvm.dll
0x000007fa013c0000 - 0x000007fa013c9000 	C:\Windows\SYSTEM32\WSOCK32.dll
0x000007f9f8110000 - 0x000007f9f8130000 	C:\Windows\SYSTEM32\WINMM.dll
0x000007fa08b40000 - 0x000007fa08b47000 	C:\Windows\system32\PSAPI.DLL
0x000007fa07710000 - 0x000007fa07768000 	C:\Windows\system32\WS2_32.dll
0x000007f9f7d80000 - 0x000007f9f7db2000 	C:\Windows\SYSTEM32\WINMMBASE.dll
0x000007fa07770000 - 0x000007fa07779000 	C:\Windows\system32\NSI.dll
0x0000000073910000 - 0x000000007391f000 	C:\Program Files\Java\jdk1.7.0_25\jre\bin\verify.dll
0x00000000738e0000 - 0x0000000073908000 	C:\Program Files\Java\jdk1.7.0_25\jre\bin\java.dll
0x00000000738c0000 - 0x00000000738d5000 	C:\Program Files\Java\jdk1.7.0_25\jre\bin\zip.dll

VM Arguments:
jvm_args: -Dfile.encoding=Cp1252 -Xbootclasspath:C:\Program Files (x86)\Android\android-sdk\platforms\android-17\android.jar 
java_command: com.Click4Good.Instructions
Launcher Type: SUN_STANDARD

Environment Variables:
PATH=C:\Program Files (x86)\AMD APP\bin\x86_64;C:\Program Files (x86)\AMD APP\bin\x86;C:\Windows\System32;C:\Program Files\Java\jdk1.7.0_25\bin\;C:\Program Files\Java\jdk1.7.0_25\jre\bin;
USERNAME=Anil
OS=Windows_NT
PROCESSOR_IDENTIFIER=Intel64 Family 6 Model 42 Stepping 7, GenuineIntel



---------------  S Y S T E M  ---------------

OS: Windows 8 , 64 bit Build 9200 

CPU:total 4 (2 cores per cpu, 2 threads per core) family 6 model 42 stepping 7, cmov, cx8, fxsr, mmx, sse, sse2, sse3, ssse3, sse4.1, sse4.2, popcnt, avx, ht, tsc, tscinvbit

Memory: 4k page, physical 4127092k(1782520k free), swap 4669636k(802876k free)

vm_info: Java HotSpot(TM) 64-Bit Server VM (23.25-b01) for windows-amd64 JRE (1.7.0_25-b17), built on Jun 21 2013 12:58:32 by "java_re" with unknown MS VC++:1600

time: Sun Sep 14 02:46:24 2014
elapsed time: 0 seconds

